<?xml version="1.0" encoding="UTF-8"?>
<testng-results ignored="0" total="1" passed="1" failed="0" skipped="0">
  <reporter-output>
  </reporter-output>
  <suite started-at="2025-05-23T00:32:16 GMT+03:00" name="Default suite" finished-at="2025-05-23T00:32:17 GMT+03:00" duration-ms="876">
    <groups>
    </groups>
    <test started-at="2025-05-23T00:32:16 GMT+03:00" name="Default test" finished-at="2025-05-23T00:32:17 GMT+03:00" duration-ms="876">
      <class name="Table">
        <test-method is-config="true" signature="SetUp()[pri:0, instance:Table@6ebf0f36]" started-at="2025-05-23T00:32:16 GMT+03:00" name="SetUp" finished-at="2025-05-23T00:32:16 GMT+03:00" duration-ms="163" status="PASS">
          <reporter-output>
          </reporter-output>
        </test-method> <!-- SetUp -->
        <test-method signature="Tables()[pri:1, instance:Table@6ebf0f36]" started-at="2025-05-23T00:32:16 GMT+03:00" name="Tables" finished-at="2025-05-23T00:32:17 GMT+03:00" duration-ms="657" status="PASS">
          <reporter-output>
          </reporter-output>
        </test-method> <!-- Tables -->
      </class> <!-- Table -->
    </test> <!-- Default test -->
  </suite> <!-- Default suite -->
</testng-results>
